Download-Time:2019-7-9-21-49-49
Download-Time:2019-7-9-23-34-39
P1_20190706_20190707_0759_B1_V_NU.jpg
P1_20190706_20190707_0759_B2_V_NU.jpg
P1_20190706_20190707_0759_B3_V_NU.jpg
P1_20190706_20190707_0759_B4_V_NU.jpg
P1_20190706_20190707_0759_C1_V_NU.jpg
P1_20190706_20190707_0759_C2_V_NU.jpg
P1_20190706_20190707_0759_C3_V_NU.jpg
P1_20190706_20190707_0759_C4_V_NU.jpg
P1_20190706_20190707_0759_C5_V_NU.jpg
P1_20190706_20190707_0759_C6_V_NU.jpg
P1_20190706_20190707_0759_C7_V_NU.jpg
P1_20190706_20190707_0759_C8_V_NU.jpg
P1_20190706_20190707_0759_D1_V_NU.jpg
P1_20190706_20190707_0759_D2_V_NU.jpg
P1_20190706_20190707_0759_D3_V_NU.jpg
P1_20190706_20190707_0759_D4_V_NU.jpg
P1_20190706_20190707_0759_D5_V_NU.jpg
P1_20190706_20190707_0759_D6_V_NU.jpg
P1_20190706_20190707_0759_D7_V_NU.jpg
P1_20190706_20190707_0759_D8_V_NU.jpg
P1_20190706_20190707_0859_A1_V_NU.jpg
P1_20190706_20190707_0859_A2_V_NU.jpg
P1_20190706_20190707_0859_A3_V_NU.jpg
P1_20190706_20190707_0859_A4_V_NU.jpg
P1_20190706_20190707_0859_A5_V_NU.jpg
P1_20190706_20190707_0859_A6_V_NU.jpg
P1_20190706_20190707_0859_A7_V_NU.jpg
P1_20190706_20190707_0859_A8_V_NU.jpg
P1_20190706_20190707_0859_B1_V_NU.jpg
P1_20190706_20190707_0859_B2_V_NU.jpg
P1_20190706_20190707_0859_B3_V_NU.jpg
P1_20190706_20190707_0859_B4_V_NU.jpg
P1_20190706_20190707_0859_B5_V_NU.jpg
P1_20190706_20190707_0859_B6_V_NU.jpg
P1_20190706_20190707_0859_B7_V_NU.jpg
P1_20190706_20190707_0859_B8_V_NU.jpg
P1_20190706_20190707_0859_C1_V_NU.jpg
P1_20190706_20190707_0859_C2_V_NU.jpg
P1_20190706_20190707_0859_C3_V_NU.jpg
P1_20190706_20190707_0859_C4_V_NU.jpg
P1_20190706_20190707_0859_C5_V_NU.jpg
P1_20190706_20190707_0859_C6_V_NU.jpg
P1_20190706_20190707_0859_C7_V_NU.jpg
P1_20190706_20190707_0859_C8_V_NU.jpg
P1_20190706_20190707_0859_D1_V_NU.jpg
P1_20190706_20190707_0859_D2_V_NU.jpg
P1_20190706_20190707_0859_D3_V_NU.jpg
P1_20190706_20190707_0859_D4_V_NU.jpg
P1_20190706_20190707_0859_D5_V_NU.jpg
P1_20190706_20190707_0859_D6_V_NU.jpg
P1_20190706_20190707_0859_D7_V_NU.jpg
P1_20190706_20190707_0859_D8_V_NU.jpg
P1_20190706_20190707_0959_A1_V_NU.jpg
P1_20190706_20190707_0959_A2_V_NU.jpg
P1_20190706_20190707_0959_A3_V_NU.jpg
P1_20190706_20190707_0959_A4_V_NU.jpg
P1_20190706_20190707_0959_A5_V_NU.jpg
P1_20190706_20190707_0959_A6_V_NU.jpg
P1_20190706_20190707_0959_A7_V_NU.jpg
P1_20190706_20190707_0959_A8_V_NU.jpg
P1_20190706_20190707_0959_B1_V_NU.jpg
P1_20190706_20190707_0959_B2_V_NU.jpg
P1_20190706_20190707_0959_B3_V_NU.jpg
P1_20190706_20190707_0959_B4_V_NU.jpg
P1_20190706_20190707_0959_B5_V_NU.jpg
P1_20190706_20190707_0959_B6_V_NU.jpg
P1_20190706_20190707_0959_B7_V_NU.jpg
P1_20190706_20190707_0959_B8_V_NU.jpg
P1_20190706_20190707_0959_C1_V_NU.jpg
P1_20190706_20190707_0959_C2_V_NU.jpg
P1_20190706_20190707_0959_C3_V_NU.jpg
P1_20190706_20190707_0959_C4_V_NU.jpg
P1_20190706_20190707_0959_C5_V_NU.jpg
P1_20190706_20190707_0959_C6_V_NU.jpg
P1_20190706_20190707_0959_C7_V_NU.jpg
P1_20190706_20190707_0959_C8_V_NU.jpg
P1_20190706_20190707_0959_D1_V_NU.jpg
P1_20190706_20190707_0959_D2_V_NU.jpg
P1_20190706_20190707_0959_D3_V_NU.jpg
P1_20190706_20190707_0959_D4_V_NU.jpg
P1_20190706_20190707_0959_D5_V_NU.jpg
P1_20190706_20190707_0959_D6_V_NU.jpg
P1_20190706_20190707_0959_D7_V_NU.jpg
P1_20190706_20190707_0959_D8_V_NU.jpg
P1_20190706_20190707_1059_A1_V_NU.jpg
P1_20190706_20190707_1059_A2_V_NU.jpg
P1_20190706_20190707_1059_A3_V_NU.jpg
P1_20190706_20190707_1059_A4_V_NU.jpg
P1_20190706_20190707_1059_A5_V_NU.jpg
P1_20190706_20190707_1059_A6_V_NU.jpg
P1_20190706_20190707_1059_A7_V_NU.jpg
P1_20190706_20190707_1059_A8_V_NU.jpg
P1_20190706_20190707_1059_B1_V_NU.jpg
P1_20190706_20190707_1059_B2_V_NU.jpg
P1_20190706_20190707_1059_B3_V_NU.jpg
P1_20190706_20190707_1059_B4_V_NU.jpg
P1_20190706_20190707_1059_B5_V_NU.jpg
P1_20190706_20190707_1059_B6_V_NU.jpg
P1_20190706_20190707_1059_B7_V_NU.jpg
P1_20190706_20190707_1059_B8_V_NU.jpg
P1_20190706_20190707_1059_C1_V_NU.jpg
P1_20190706_20190707_1059_C2_V_NU.jpg
P1_20190706_20190707_1059_C3_V_NU.jpg
P1_20190706_20190707_1059_C4_V_NU.jpg
P1_20190706_20190707_1059_C5_V_NU.jpg
P1_20190706_20190707_1059_C6_V_NU.jpg
P1_20190706_20190707_1059_C7_V_NU.jpg
P1_20190706_20190707_1059_C8_V_NU.jpg
P1_20190706_20190707_1059_D1_V_NU.jpg
P1_20190706_20190707_1059_D2_V_NU.jpg
P1_20190706_20190707_1059_D3_V_NU.jpg
P1_20190706_20190707_1059_D4_V_NU.jpg
P1_20190706_20190707_1059_D5_V_NU.jpg
P1_20190706_20190707_1059_D6_V_NU.jpg
P1_20190706_20190707_1059_D7_V_NU.jpg
P1_20190706_20190707_1059_D8_V_NU.jpg
P1_20190706_20190707_1159_A1_V_NU.jpg
P1_20190706_20190707_1159_A2_V_NU.jpg
P1_20190706_20190707_1159_A3_V_NU.jpg
P1_20190706_20190707_1159_A4_V_NU.jpg
P1_20190706_20190707_1159_A5_V_NU.jpg
P1_20190706_20190707_1159_A6_V_NU.jpg
P1_20190706_20190707_1159_A7_V_NU.jpg
P1_20190706_20190707_1159_A8_V_NU.jpg
P1_20190706_20190707_1159_B1_V_NU.jpg
P1_20190706_20190707_1159_B2_V_NU.jpg
P1_20190706_20190707_1159_B3_V_NU.jpg
P1_20190706_20190707_1159_B4_V_NU.jpg
P1_20190706_20190707_1159_B5_V_NU.jpg
P1_20190706_20190707_1159_B6_V_NU.jpg
P1_20190706_20190707_1159_B7_V_NU.jpg
P1_20190706_20190707_1159_B8_V_NU.jpg
P1_20190706_20190707_1159_C1_V_NU.jpg
P1_20190706_20190707_1159_C2_V_NU.jpg
P1_20190706_20190707_1159_C3_V_NU.jpg
P1_20190706_20190707_1159_C4_V_NU.jpg
P1_20190706_20190707_1159_C5_V_NU.jpg
P1_20190706_20190707_1159_C6_V_NU.jpg
P1_20190706_20190707_1159_C7_V_NU.jpg
P1_20190706_20190707_1159_C8_V_NU.jpg
P1_20190706_20190707_1159_D1_V_NU.jpg
P1_20190706_20190707_1159_D2_V_NU.jpg
P1_20190706_20190707_1159_D3_V_NU.jpg
P1_20190706_20190707_1159_D4_V_NU.jpg
P1_20190706_20190707_1159_D5_V_NU.jpg
P1_20190706_20190707_1159_D6_V_NU.jpg
P1_20190706_20190707_1159_D7_V_NU.jpg
P1_20190706_20190707_1159_D8_V_NU.jpg
P1_20190706_20190707_1259_A1_V_NU.jpg
P1_20190706_20190707_1259_A2_V_NU.jpg
P1_20190706_20190707_1259_A3_V_NU.jpg
P1_20190706_20190707_1259_A4_V_NU.jpg
P1_20190706_20190707_1259_A5_V_NU.jpg
P1_20190706_20190707_1259_A6_V_NU.jpg
P1_20190706_20190707_1259_A7_V_NU.jpg
P1_20190706_20190707_1259_A8_V_NU.jpg
P1_20190706_20190707_1259_B1_V_NU.jpg
P1_20190706_20190707_1259_B2_V_NU.jpg
P1_20190706_20190707_1259_B3_V_NU.jpg
P1_20190706_20190707_1259_B4_V_NU.jpg
P1_20190706_20190707_1259_B5_V_NU.jpg
P1_20190706_20190707_1259_B6_V_NU.jpg
P1_20190706_20190707_1259_B7_V_NU.jpg
P1_20190706_20190707_1259_B8_V_NU.jpg
P1_20190706_20190707_1259_C1_V_NU.jpg
P1_20190706_20190707_1259_C2_V_NU.jpg
P1_20190706_20190707_1259_C3_V_NU.jpg
P1_20190706_20190707_1259_C4_V_NU.jpg
P1_20190706_20190707_1259_C5_V_NU.jpg
P1_20190706_20190707_1259_C6_V_NU.jpg
P1_20190706_20190707_1259_C7_V_NU.jpg
P1_20190706_20190707_1259_C8_V_NU.jpg
