################################## System Start:2019:7:28:19:53:15 ###########################################

Slave No response for CMD:H 600 times,Repeat Send CMD...
Start sampling images:2019-7-28-19-59-0
P1_20190728_20190728_1959_A1_V_NU.jpg
P1_20190728_20190728_1959_A2_V_NU.jpg
P1_20190728_20190728_1959_A3_V_NU.jpg
P1_20190728_20190728_1959_A4_V_NU.jpg
P1_20190728_20190728_1959_A5_V_NU.jpg
P1_20190728_20190728_1959_A6_V_NU.jpg
P1_20190728_20190728_1959_A7_V_NU.jpg
P1_20190728_20190728_1959_A8_V_NU.jpg
P1_20190728_20190728_1959_B8_V_NU.jpg
P1_20190728_20190728_1959_B7_V_NU.jpg
P1_20190728_20190728_1959_B6_V_NU.jpg
P1_20190728_20190728_1959_B5_V_NU.jpg
P1_20190728_20190728_1959_B4_V_NU.jpg
P1_20190728_20190728_1959_B3_V_NU.jpg
P1_20190728_20190728_1959_B2_V_NU.jpg
P1_20190728_20190728_1959_B1_V_NU.jpg
P1_20190728_20190728_1959_C1_V_NU.jpg
P1_20190728_20190728_1959_C2_V_NU.jpg
P1_20190728_20190728_1959_C3_V_NU.jpg
P1_20190728_20190728_1959_C4_V_NU.jpg
P1_20190728_20190728_1959_C5_V_NU.jpg
P1_20190728_20190728_1959_C6_V_NU.jpg
P1_20190728_20190728_1959_C7_V_NU.jpg
P1_20190728_20190728_1959_C8_V_NU.jpg
P1_20190728_20190728_1959_D8_V_NU.jpg
P1_20190728_20190728_1959_D7_V_NU.jpg
P1_20190728_20190728_1959_D6_V_NU.jpg
P1_20190728_20190728_1959_D5_V_NU.jpg
P1_20190728_20190728_1959_D4_V_NU.jpg
P1_20190728_20190728_1959_D3_V_NU.jpg
P1_20190728_20190728_1959_D2_V_NU.jpg
P1_20190728_20190728_1959_D1_V_NU.jpg
Sample Finished.(TimeCost:7.91552296877 mins)
Start sampling images:2019-7-28-20-59-0
P1_20190728_20190728_2059_A1_V_NU.jpg
P1_20190728_20190728_2059_A2_V_NU.jpg
P1_20190728_20190728_2059_A3_V_NU.jpg
P1_20190728_20190728_2059_A4_V_NU.jpg
P1_20190728_20190728_2059_A5_V_NU.jpg
P1_20190728_20190728_2059_A6_V_NU.jpg
P1_20190728_20190728_2059_A7_V_NU.jpg
P1_20190728_20190728_2059_A8_V_NU.jpg
P1_20190728_20190728_2059_B8_V_NU.jpg
P1_20190728_20190728_2059_B7_V_NU.jpg
P1_20190728_20190728_2059_B6_V_NU.jpg
P1_20190728_20190728_2059_B5_V_NU.jpg
P1_20190728_20190728_2059_B4_V_NU.jpg
P1_20190728_20190728_2059_B3_V_NU.jpg
P1_20190728_20190728_2059_B2_V_NU.jpg
P1_20190728_20190728_2059_B1_V_NU.jpg
P1_20190728_20190728_2059_C1_V_NU.jpg
P1_20190728_20190728_2059_C2_V_NU.jpg
P1_20190728_20190728_2059_C3_V_NU.jpg
P1_20190728_20190728_2059_C4_V_NU.jpg
P1_20190728_20190728_2059_C5_V_NU.jpg
P1_20190728_20190728_2059_C6_V_NU.jpg
P1_20190728_20190728_2059_C7_V_NU.jpg
P1_20190728_20190728_2059_C8_V_NU.jpg
P1_20190728_20190728_2059_D8_V_NU.jpg
P1_20190728_20190728_2059_D7_V_NU.jpg
P1_20190728_20190728_2059_D6_V_NU.jpg
P1_20190728_20190728_2059_D5_V_NU.jpg
P1_20190728_20190728_2059_D4_V_NU.jpg
P1_20190728_20190728_2059_D3_V_NU.jpg
P1_20190728_20190728_2059_D2_V_NU.jpg
P1_20190728_20190728_2059_D1_V_NU.jpg
Sample Finished.(TimeCost:7.89091999928 mins)
Start sampling images:2019-7-28-23-59-0
P1_20190728_20190728_2359_A1_V_NU.jpg
P1_20190728_20190728_2359_A2_V_NU.jpg
P1_20190728_20190728_2359_A3_V_NU.jpg
P1_20190728_20190728_2359_A4_V_NU.jpg
P1_20190728_20190728_2359_A5_V_NU.jpg
P1_20190728_20190728_2359_A6_V_NU.jpg
P1_20190728_20190728_2359_A7_V_NU.jpg
P1_20190728_20190728_2359_A8_V_NU.jpg
P1_20190728_20190728_2359_B8_V_NU.jpg
P1_20190728_20190728_2359_B7_V_NU.jpg
P1_20190728_20190728_2359_B6_V_NU.jpg
P1_20190728_20190728_2359_B5_V_NU.jpg
P1_20190728_20190728_2359_B4_V_NU.jpg
P1_20190728_20190728_2359_B3_V_NU.jpg
P1_20190728_20190728_2359_B2_V_NU.jpg
P1_20190728_20190728_2359_B1_V_NU.jpg
P1_20190728_20190728_2359_C1_V_NU.jpg
P1_20190728_20190728_2359_C2_V_NU.jpg
P1_20190728_20190728_2359_C3_V_NU.jpg
P1_20190728_20190728_2359_C4_V_NU.jpg
P1_20190728_20190728_2359_C5_V_NU.jpg
P1_20190728_20190728_2359_C6_V_NU.jpg
P1_20190728_20190728_2359_C7_V_NU.jpg
P1_20190728_20190728_2359_C8_V_NU.jpg
P1_20190728_20190728_2359_D8_V_NU.jpg
P1_20190728_20190728_2359_D7_V_NU.jpg
P1_20190728_20190728_2359_D6_V_NU.jpg
P1_20190728_20190728_2359_D5_V_NU.jpg
P1_20190728_20190728_2359_D4_V_NU.jpg
P1_20190728_20190728_2359_D3_V_NU.jpg
P1_20190728_20190728_2359_D2_V_NU.jpg
P1_20190728_20190728_2359_D1_V_NU.jpg
Sample Finished.(TimeCost:7.89637738466 mins)
...
Start sampling images:2019-8-2-6-59-0
P1_20190728_20190802_0659_A1_V_NU.jpg
P1_20190728_20190802_0659_A2_V_NU.jpg
P1_20190728_20190802_0659_A3_V_NU.jpg
P1_20190728_20190802_0659_A4_V_NU.jpg
P1_20190728_20190802_0659_A5_V_NU.jpg
P1_20190728_20190802_0659_A6_V_NU.jpg
P1_20190728_20190802_0659_A7_V_NU.jpg
P1_20190728_20190802_0659_A8_V_NU.jpg
P1_20190728_20190802_0659_B8_V_NU.jpg
P1_20190728_20190802_0659_B7_V_NU.jpg
P1_20190728_20190802_0659_B6_V_NU.jpg
P1_20190728_20190802_0659_B5_V_NU.jpg
P1_20190728_20190802_0659_B4_V_NU.jpg
P1_20190728_20190802_0659_B3_V_NU.jpg
P1_20190728_20190802_0659_B2_V_NU.jpg
P1_20190728_20190802_0659_B1_V_NU.jpg
P1_20190728_20190802_0659_C1_V_NU.jpg
P1_20190728_20190802_0659_C2_V_NU.jpg
P1_20190728_20190802_0659_C3_V_NU.jpg
P1_20190728_20190802_0659_C4_V_NU.jpg
P1_20190728_20190802_0659_C5_V_NU.jpg
P1_20190728_20190802_0659_C6_V_NU.jpg
P1_20190728_20190802_0659_C7_V_NU.jpg
P1_20190728_20190802_0659_C8_V_NU.jpg
P1_20190728_20190802_0659_D8_V_NU.jpg
P1_20190728_20190802_0659_D7_V_NU.jpg
P1_20190728_20190802_0659_D6_V_NU.jpg
P1_20190728_20190802_0659_D5_V_NU.jpg
P1_20190728_20190802_0659_D4_V_NU.jpg
P1_20190728_20190802_0659_D3_V_NU.jpg
P1_20190728_20190802_0659_D2_V_NU.jpg
P1_20190728_20190802_0659_D1_V_NU.jpg
Sample Finished.(TimeCost:7.93277360201 mins)
Start sampling images:2019-8-2-7-59-0
P1_20190728_20190802_0759_A1_V_NU.jpg
P1_20190728_20190802_0759_A2_V_NU.jpg
P1_20190728_20190802_0759_A3_V_NU.jpg
P1_20190728_20190802_0759_A4_V_NU.jpg
P1_20190728_20190802_0759_A5_V_NU.jpg
P1_20190728_20190802_0759_A6_V_NU.jpg
P1_20190728_20190802_0759_A7_V_NU.jpg
P1_20190728_20190802_0759_A8_V_NU.jpg
P1_20190728_20190802_0759_B8_V_NU.jpg
P1_20190728_20190802_0759_B7_V_NU.jpg
P1_20190728_20190802_0759_B6_V_NU.jpg
P1_20190728_20190802_0759_B5_V_NU.jpg
P1_20190728_20190802_0759_B4_V_NU.jpg
P1_20190728_20190802_0759_B3_V_NU.jpg
P1_20190728_20190802_0759_B2_V_NU.jpg
P1_20190728_20190802_0759_B1_V_NU.jpg
P1_20190728_20190802_0759_C1_V_NU.jpg
P1_20190728_20190802_0759_C2_V_NU.jpg
P1_20190728_20190802_0759_C3_V_NU.jpg
P1_20190728_20190802_0759_C4_V_NU.jpg
P1_20190728_20190802_0759_C5_V_NU.jpg
P1_20190728_20190802_0759_C6_V_NU.jpg
P1_20190728_20190802_0759_C7_V_NU.jpg
P1_20190728_20190802_0759_C8_V_NU.jpg
P1_20190728_20190802_0759_D8_V_NU.jpg
P1_20190728_20190802_0759_D7_V_NU.jpg
P1_20190728_20190802_0759_D6_V_NU.jpg
P1_20190728_20190802_0759_D5_V_NU.jpg
P1_20190728_20190802_0759_D4_V_NU.jpg
P1_20190728_20190802_0759_D3_V_NU.jpg
P1_20190728_20190802_0759_D2_V_NU.jpg
P1_20190728_20190802_0759_D1_V_NU.jpg
Sample Finished.(TimeCost:7.92453561624 mins)
Start sampling images:2019-8-2-8-59-0
Camera Wrong? <type 'exceptions.Exception'>:Timed out waiting for capture to end
Camera Wrong? <type 'exceptions.Exception'>:Failed to enable connection: Out of resources
Camera Wrong? <type 'exceptions.Exception'>:Failed to enable connection: Out of resources
Camera Wrong? <type 'exceptions.Exception'>:Failed to enable connection: Out of resources
Camera Wrong? <type 'exceptions.Exception'>:Failed to enable connection: Out of resources
Camera Wrong? <type 'exceptions.Exception'>:Failed to enable connection: Out of resources
Camera Wrong? <type 'exceptions.Exception'>:Failed to enable connection: Out of resources
Camera Wrong? <type 'exceptions.Exception'>:Failed to enable connection: Out of resources
Camera Wrong? <type 'exceptions.Exception'>:Failed to enable connection: Out of resources
Camera Wrong? <type 'exceptions.Exception'>:Failed to create MMAL component vc.null_sink: Out of memory
Camera Wrong? <type 'exceptions.Exception'>:Failed to create MMAL component vc.null_sink: Out of memory
Camera Wrong? <type 'exceptions.Exception'>:Failed to create MMAL component vc.null_sink: Out of memory
Camera Wrong? <type 'exceptions.Exception'>:Failed to create MMAL component vc.null_sink: Out of memory
Camera Wrong? <type 'exceptions.Exception'>:Failed to create MMAL component vc.null_sink: Out of memory
Camera Wrong? <type 'exceptions.Exception'>:Failed to create MMAL component vc.null_sink: Out of memory
Camera Wrong? <type 'exceptions.Exception'>:Failed to create MMAL component vc.null_sink: Out of memory
Camera Wrong? <type 'exceptions.Exception'>:Failed to create MMAL component vc.null_sink: Out of memory
Camera Wrong? <type 'exceptions.Exception'>:Failed to create MMAL component vc.null_sink: Out of memory
Camera Wrong? <type 'exceptions.Exception'>:Failed to create MMAL component vc.null_sink: Out of memory
Camera Wrong? <type 'exceptions.Exception'>:Failed to create MMAL component vc.null_sink: Out of memory
Camera Wrong? <type 'exceptions.Exception'>:Failed to create MMAL component vc.null_sink: Out of memory
Camera Wrong? <type 'exceptions.Exception'>:Failed to create MMAL component vc.null_sink: Out of memory
Camera Wrong? <type 'exceptions.Exception'>:Failed to create MMAL component vc.null_sink: Out of memory
Camera Wrong? <type 'exceptions.Exception'>:Failed to create MMAL component vc.null_sink: Out of memory
Camera Wrong? <type 'exceptions.Exception'>:Failed to create MMAL component vc.null_sink: Out of memory
################################## System Start:2019:8:2:13:3:52 ###########################################

Slave No response for CMD:G 600 times,Repeat Send CMD...
Start sampling images:2019-8-2-13-59-0
P1_20190802_20190802_1359_A1_V_NU.jpg
P1_20190802_20190802_1359_A2_V_NU.jpg
P1_20190802_20190802_1359_A3_V_NU.jpg
P1_20190802_20190802_1359_A4_V_NU.jpg
P1_20190802_20190802_1359_A5_V_NU.jpg
P1_20190802_20190802_1359_A6_V_NU.jpg
P1_20190802_20190802_1359_A7_V_NU.jpg
P1_20190802_20190802_1359_A8_V_NU.jpg
P1_20190802_20190802_1359_B8_V_NU.jpg
P1_20190802_20190802_1359_B7_V_NU.jpg
P1_20190802_20190802_1359_B6_V_NU.jpg
P1_20190802_20190802_1359_B5_V_NU.jpg
P1_20190802_20190802_1359_B4_V_NU.jpg
P1_20190802_20190802_1359_B3_V_NU.jpg
P1_20190802_20190802_1359_B2_V_NU.jpg
P1_20190802_20190802_1359_B1_V_NU.jpg
P1_20190802_20190802_1359_C1_V_NU.jpg
P1_20190802_20190802_1359_C2_V_NU.jpg
P1_20190802_20190802_1359_C3_V_NU.jpg
P1_20190802_20190802_1359_C4_V_NU.jpg
P1_20190802_20190802_1359_C5_V_NU.jpg
P1_20190802_20190802_1359_C6_V_NU.jpg
P1_20190802_20190802_1359_C7_V_NU.jpg
P1_20190802_20190802_1359_C8_V_NU.jpg
P1_20190802_20190802_1359_D8_V_NU.jpg
P1_20190802_20190802_1359_D7_V_NU.jpg
P1_20190802_20190802_1359_D6_V_NU.jpg
P1_20190802_20190802_1359_D5_V_NU.jpg
P1_20190802_20190802_1359_D4_V_NU.jpg
P1_20190802_20190802_1359_D3_V_NU.jpg
P1_20190802_20190802_1359_D2_V_NU.jpg
P1_20190802_20190802_1359_D1_V_NU.jpg
Sample Finished.(TimeCost:7.90201719999 mins)
...
Start sampling images:2019-8-4-3-59-0
P1_20190802_20190804_0359_A1_V_NU.jpg
P1_20190802_20190804_0359_A2_V_NU.jpg
P1_20190802_20190804_0359_A3_V_NU.jpg
P1_20190802_20190804_0359_A4_V_NU.jpg
P1_20190802_20190804_0359_A5_V_NU.jpg
P1_20190802_20190804_0359_A6_V_NU.jpg
P1_20190802_20190804_0359_A7_V_NU.jpg
P1_20190802_20190804_0359_A8_V_NU.jpg
P1_20190802_20190804_0359_B8_V_NU.jpg
P1_20190802_20190804_0359_B7_V_NU.jpg
P1_20190802_20190804_0359_B6_V_NU.jpg
P1_20190802_20190804_0359_B5_V_NU.jpg
P1_20190802_20190804_0359_B4_V_NU.jpg
P1_20190802_20190804_0359_B3_V_NU.jpg
P1_20190802_20190804_0359_B2_V_NU.jpg
P1_20190802_20190804_0359_B1_V_NU.jpg
P1_20190802_20190804_0359_C1_V_NU.jpg
P1_20190802_20190804_0359_C2_V_NU.jpg
P1_20190802_20190804_0359_C3_V_NU.jpg
P1_20190802_20190804_0359_C4_V_NU.jpg
P1_20190802_20190804_0359_C5_V_NU.jpg
P1_20190802_20190804_0359_C6_V_NU.jpg
P1_20190802_20190804_0359_C7_V_NU.jpg
P1_20190802_20190804_0359_C8_V_NU.jpg
P1_20190802_20190804_0359_D8_V_NU.jpg
P1_20190802_20190804_0359_D7_V_NU.jpg
P1_20190802_20190804_0359_D6_V_NU.jpg
P1_20190802_20190804_0359_D5_V_NU.jpg
P1_20190802_20190804_0359_D4_V_NU.jpg
P1_20190802_20190804_0359_D3_V_NU.jpg
P1_20190802_20190804_0359_D2_V_NU.jpg
P1_20190802_20190804_0359_D1_V_NU.jpg
Sample Finished.(TimeCost:7.9245453318 mins)
Start sampling images:2019-8-4-4-59-0

Slave No response for CMD:F 600 times,Repeat Send CMD...

Slave No response for CMD:F 1200 times,Shutdown System...
System died at: 2019:8:4:5:9:17.
P1_20190802_20190804_0459_A1_V_NU.jpg
P1_20190802_20190804_0459_A2_V_NU.jpg
P1_20190802_20190804_0459_A3_V_NU.jpg
P1_20190802_20190804_0459_A4_V_NU.jpg
P1_20190802_20190804_0459_A5_V_NU.jpg
P1_20190802_20190804_0459_A6_V_NU.jpg
P1_20190802_20190804_0459_A7_V_NU.jpg
P1_20190802_20190804_0459_A8_V_NU.jpg
P1_20190802_20190804_0459_B8_V_NU.jpg
P1_20190802_20190804_0459_B7_V_NU.jpg
P1_20190802_20190804_0459_B6_V_NU.jpg
P1_20190802_20190804_0459_B5_V_NU.jpg
P1_20190802_20190804_0459_B4_V_NU.jpg
P1_20190802_20190804_0459_B3_V_NU.jpg
P1_20190802_20190804_0459_B2_V_NU.jpg
P1_20190802_20190804_0459_B1_V_NU.jpg
P1_20190802_20190804_0459_C1_V_NU.jpg
P1_20190802_20190804_0459_C2_V_NU.jpg
P1_20190802_20190804_0459_C3_V_NU.jpg
P1_20190802_20190804_0459_C4_V_NU.jpg
P1_20190802_20190804_0459_C5_V_NU.jpg
P1_20190802_20190804_0459_C6_V_NU.jpg
P1_20190802_20190804_0459_C7_V_NU.jpg
P1_20190802_20190804_0459_C8_V_NU.jpg
P1_20190802_20190804_0459_D8_V_NU.jpg
P1_20190802_20190804_0459_D7_V_NU.jpg
P1_20190802_20190804_0459_D6_V_NU.jpg
P1_20190802_20190804_0459_D5_V_NU.jpg
P1_20190802_20190804_0459_D4_V_NU.jpg
P1_20190802_20190804_0459_D3_V_NU.jpg
P1_20190802_20190804_0459_D2_V_NU.jpg
P1_20190802_20190804_0459_D1_V_NU.jpg
Sample Finished.(TimeCost:22.6528500001 mins)
...
Start sampling images:2019-8-4-7-59-0
P1_20190802_20190804_0759_A1_V_NU.jpg
P1_20190802_20190804_0759_A2_V_NU.jpg
P1_20190802_20190804_0759_A3_V_NU.jpg
P1_20190802_20190804_0759_A4_V_NU.jpg
P1_20190802_20190804_0759_A5_V_NU.jpg
P1_20190802_20190804_0759_A6_V_NU.jpg
P1_20190802_20190804_0759_A7_V_NU.jpg
P1_20190802_20190804_0759_A8_V_NU.jpg
P1_20190802_20190804_0759_B8_V_NU.jpg
P1_20190802_20190804_0759_B7_V_NU.jpg
P1_20190802_20190804_0759_B6_V_NU.jpg
P1_20190802_20190804_0759_B5_V_NU.jpg
P1_20190802_20190804_0759_B4_V_NU.jpg
P1_20190802_20190804_0759_B3_V_NU.jpg
P1_20190802_20190804_0759_B2_V_NU.jpg
P1_20190802_20190804_0759_B1_V_NU.jpg
P1_20190802_20190804_0759_C1_V_NU.jpg
P1_20190802_20190804_0759_C2_V_NU.jpg
P1_20190802_20190804_0759_C3_V_NU.jpg
P1_20190802_20190804_0759_C4_V_NU.jpg
P1_20190802_20190804_0759_C5_V_NU.jpg
P1_20190802_20190804_0759_C6_V_NU.jpg
P1_20190802_20190804_0759_C7_V_NU.jpg
P1_20190802_20190804_0759_C8_V_NU.jpg
P1_20190802_20190804_0759_D8_V_NU.jpg
P1_20190802_20190804_0759_D7_V_NU.jpg
P1_20190802_20190804_0759_D6_V_NU.jpg
P1_20190802_20190804_0759_D5_V_NU.jpg
P1_20190802_20190804_0759_D4_V_NU.jpg
P1_20190802_20190804_0759_D3_V_NU.jpg
P1_20190802_20190804_0759_D2_V_NU.jpg
P1_20190802_20190804_0759_D1_V_NU.jpg
Sample Finished.(TimeCost:7.92309608459 mins)
Start sampling images:2019-8-4-8-59-0
Camera Wrong? <type 'exceptions.Exception'>:Timed out waiting for capture to end
Camera Wrong? <type 'exceptions.Exception'>:Failed to enable connection: Out of resources
Camera Wrong? <type 'exceptions.Exception'>:Failed to enable connection: Out of resources
Camera Wrong? <type 'exceptions.Exception'>:Failed to enable connection: Out of resources
Camera Wrong? <type 'exceptions.Exception'>:Failed to enable connection: Out of resources
Camera Wrong? <type 'exceptions.Exception'>:Failed to enable connection: Out of resources
Camera Wrong? <type 'exceptions.Exception'>:Failed to enable connection: Out of resources
Camera Wrong? <type 'exceptions.Exception'>:Failed to enable connection: Out of resources
Camera Wrong? <type 'exceptions.Exception'>:Failed to enable connection: Out of resources
Camera Wrong? <type 'exceptions.Exception'>:Failed to enable connection: Out of resources
Camera Wrong? <type 'exceptions.Exception'>:Failed to enable connection: Out of resources
Camera Wrong? <type 'exceptions.Exception'>:Failed to create MMAL component vc.null_sink: Out of memory
Camera Wrong? <type 'exceptions.Exception'>:Failed to create MMAL component vc.null_sink: Out of memory
Camera Wrong? <type 'exceptions.Exception'>:Failed to create MMAL component vc.null_sink: Out of memory
Camera Wrong? <type 'exceptions.Exception'>:Failed to create MMAL component vc.null_sink: Out of memory
Camera Wrong? <type 'exceptions.Exception'>:Failed to create MMAL component vc.null_sink: Out of memory
Camera Wrong? <type 'exceptions.Exception'>:Failed to create MMAL component vc.null_sink: Out of memory
Camera Wrong? <type 'exceptions.Exception'>:Failed to create MMAL component vc.null_sink: Out of memory
Camera Wrong? <type 'exceptions.Exception'>:Failed to create MMAL component vc.null_sink: Out of memory
Camera Wrong? <type 'exceptions.Exception'>:Failed to create MMAL component vc.null_sink: Out of memory
Camera Wrong? <type 'exceptions.Exception'>:Failed to create MMAL component vc.null_sink: Out of memory
Camera Wrong? <type 'exceptions.Exception'>:Failed to create MMAL component vc.null_sink: Out of memory
Camera Wrong? <type 'exceptions.Exception'>:Failed to create MMAL component vc.null_sink: Out of memory
Camera Wrong? <type 'exceptions.Exception'>:Failed to create MMAL component vc.null_sink: Out of memory
################################## System Start:2019:8:4:18:5:57 ###########################################

Slave No response for CMD:G 600 times,Repeat Send CMD...
Start sampling images:2019-8-4-18-59-0
P1_20190804_20190804_1859_A1_V_NU.jpg
P1_20190804_20190804_1859_A2_V_NU.jpg
P1_20190804_20190804_1859_A3_V_NU.jpg
P1_20190804_20190804_1859_A4_V_NU.jpg
P1_20190804_20190804_1859_A5_V_NU.jpg
P1_20190804_20190804_1859_A6_V_NU.jpg
P1_20190804_20190804_1859_A7_V_NU.jpg
P1_20190804_20190804_1859_A8_V_NU.jpg
P1_20190804_20190804_1859_B8_V_NU.jpg
P1_20190804_20190804_1859_B7_V_NU.jpg
P1_20190804_20190804_1859_B6_V_NU.jpg
P1_20190804_20190804_1859_B5_V_NU.jpg
P1_20190804_20190804_1859_B4_V_NU.jpg
P1_20190804_20190804_1859_B3_V_NU.jpg
P1_20190804_20190804_1859_B2_V_NU.jpg
P1_20190804_20190804_1859_B1_V_NU.jpg
P1_20190804_20190804_1859_C1_V_NU.jpg
P1_20190804_20190804_1859_C2_V_NU.jpg
P1_20190804_20190804_1859_C3_V_NU.jpg
P1_20190804_20190804_1859_C4_V_NU.jpg
P1_20190804_20190804_1859_C5_V_NU.jpg
P1_20190804_20190804_1859_C6_V_NU.jpg
P1_20190804_20190804_1859_C7_V_NU.jpg
P1_20190804_20190804_1859_C8_V_NU.jpg
P1_20190804_20190804_1859_D8_V_NU.jpg
P1_20190804_20190804_1859_D7_V_NU.jpg
P1_20190804_20190804_1859_D6_V_NU.jpg
P1_20190804_20190804_1859_D5_V_NU.jpg
P1_20190804_20190804_1859_D4_V_NU.jpg
P1_20190804_20190804_1859_D3_V_NU.jpg
P1_20190804_20190804_1859_D2_V_NU.jpg
P1_20190804_20190804_1859_D1_V_NU.jpg
Sample Finished.(TimeCost:7.90041329861 mins)
...
Start sampling images:2019-8-5-7-59-0
P1_20190804_20190805_0759_A1_V_NU.jpg
P1_20190804_20190805_0759_A2_V_NU.jpg
P1_20190804_20190805_0759_A3_V_NU.jpg
P1_20190804_20190805_0759_A4_V_NU.jpg
P1_20190804_20190805_0759_A5_V_NU.jpg
P1_20190804_20190805_0759_A6_V_NU.jpg
P1_20190804_20190805_0759_A7_V_NU.jpg
P1_20190804_20190805_0759_A8_V_NU.jpg
P1_20190804_20190805_0759_B8_V_NU.jpg
P1_20190804_20190805_0759_B7_V_NU.jpg
P1_20190804_20190805_0759_B6_V_NU.jpg
P1_20190804_20190805_0759_B5_V_NU.jpg
P1_20190804_20190805_0759_B4_V_NU.jpg
P1_20190804_20190805_0759_B3_V_NU.jpg
P1_20190804_20190805_0759_B2_V_NU.jpg
P1_20190804_20190805_0759_B1_V_NU.jpg
P1_20190804_20190805_0759_C1_V_NU.jpg
P1_20190804_20190805_0759_C2_V_NU.jpg
P1_20190804_20190805_0759_C3_V_NU.jpg
P1_20190804_20190805_0759_C4_V_NU.jpg
P1_20190804_20190805_0759_C5_V_NU.jpg
P1_20190804_20190805_0759_C6_V_NU.jpg
P1_20190804_20190805_0759_C7_V_NU.jpg
P1_20190804_20190805_0759_C8_V_NU.jpg
P1_20190804_20190805_0759_D8_V_NU.jpg
P1_20190804_20190805_0759_D7_V_NU.jpg
P1_20190804_20190805_0759_D6_V_NU.jpg
P1_20190804_20190805_0759_D5_V_NU.jpg
P1_20190804_20190805_0759_D4_V_NU.jpg
P1_20190804_20190805_0759_D3_V_NU.jpg
P1_20190804_20190805_0759_D2_V_NU.jpg
P1_20190804_20190805_0759_D1_V_NU.jpg
Sample Finished.(TimeCost:7.92432388067 mins)
Start sampling images:2019-8-5-8-59-0
Camera Wrong? <type 'exceptions.Exception'>:Timed out waiting for capture to end
Camera Wrong? <type 'exceptions.Exception'>:Failed to enable connection: Out of resources
Camera Wrong? <type 'exceptions.Exception'>:Failed to enable connection: Out of resources
Camera Wrong? <type 'exceptions.Exception'>:Failed to enable connection: Out of resources
Camera Wrong? <type 'exceptions.Exception'>:Failed to enable connection: Out of resources
Camera Wrong? <type 'exceptions.Exception'>:Failed to enable connection: Out of resources
Camera Wrong? <type 'exceptions.Exception'>:Failed to enable connection: Out of resources
Camera Wrong? <type 'exceptions.Exception'>:Failed to enable connection: Out of resources
Camera Wrong? <type 'exceptions.Exception'>:Failed to enable connection: Out of resources
Camera Wrong? <type 'exceptions.Exception'>:Failed to enable connection: Out of resources
Camera Wrong? <type 'exceptions.Exception'>:Failed to enable connection: Out of resources
Camera Wrong? <type 'exceptions.Exception'>:Failed to enable connection: Out of resources
Camera Wrong? <type 'exceptions.Exception'>:Failed to enable connection: Out of resources
Camera Wrong? <type 'exceptions.Exception'>:Failed to enable connection: Out of resources
Camera Wrong? <type 'exceptions.Exception'>:Failed to enable connection: Out of resources
Camera Wrong? <type 'exceptions.Exception'>:Failed to enable connection: Out of resources
Camera Wrong? <type 'exceptions.Exception'>:Failed to enable connection: Out of resources
Camera Wrong? <type 'exceptions.Exception'>:Failed to enable connection: Out of resources
Camera Wrong? <type 'exceptions.Exception'>:Failed to create MMAL component vc.null_sink: Out of memory
Camera Wrong? <type 'exceptions.Exception'>:Failed to create MMAL component vc.null_sink: Out of memory
Camera Wrong? <type 'exceptions.Exception'>:Failed to create MMAL component vc.null_sink: Out of memory
Camera Wrong? <type 'exceptions.Exception'>:Failed to create MMAL component vc.null_sink: Out of memory
Camera Wrong? <type 'exceptions.Exception'>:Failed to create MMAL component vc.null_sink: Out of memory
Camera Wrong? <type 'exceptions.Exception'>:Failed to create MMAL component vc.null_sink: Out of memory
Camera Wrong? <type 'exceptions.Exception'>:Failed to create MMAL component vc.null_sink: Out of memory
Camera Wrong? <type 'exceptions.Exception'>:Failed to create MMAL component vc.null_sink: Out of memory
Camera Wrong? <type 'exceptions.Exception'>:Failed to create MMAL component vc.null_sink: Out of memory
Camera Wrong? <type 'exceptions.Exception'>:Failed to create MMAL component vc.null_sink: Out of memory
Camera Wrong? <type 'exceptions.Exception'>:Failed to create MMAL component vc.null_sink: Out of memory

################################## System Start:2019:8:16:15:17:17 ###########################################

Slave No response for CMD:G 600 times,Repeat Send CMD...
Start sampling images:2019-8-16-15-59-0
P1_20190816_20190816_1559_A1_V_NU.jpg
P1_20190816_20190816_1559_A2_V_NU.jpg
P1_20190816_20190816_1559_A3_V_NU.jpg
P1_20190816_20190816_1559_A4_V_NU.jpg
2019:8:16:16:1:23-Camera Wrong? <type 'exceptions.Exception'>:Timed out waiting for capture to end
2019:8:16:16:1:28-Camera Wrong? <type 'exceptions.Exception'>:Failed to enable connection: Out of resources
2019:8:16:16:1:33-Camera Wrong? <type 'exceptions.Exception'>:Failed to enable connection: Out of resources
2019:8:16:16:1:38-Camera Wrong? <type 'exceptions.Exception'>:Failed to enable connection: Out of resources
2019:8:16:16:1:43-Camera Wrong? <type 'exceptions.Exception'>:Failed to enable connection: Out of resources
2019:8:16:16:1:48-Camera Wrong? <type 'exceptions.Exception'>:Failed to enable connection: Out of resources
2019:8:16:16:1:53-Camera Wrong? <type 'exceptions.Exception'>:Failed to enable connection: Out of resources
2019:8:16:16:1:59-Camera Wrong? <type 'exceptions.Exception'>:Failed to enable connection: Out of resources
2019:8:16:16:2:4-Camera Wrong? <type 'exceptions.Exception'>:Failed to enable connection: Out of resources
2019:8:16:16:2:9-Camera Wrong? <type 'exceptions.Exception'>:Failed to enable connection: Out of resources
2019:8:16:16:2:14-Camera Wrong? <type 'exceptions.Exception'>:Failed to enable connection: Out of resources
2019:8:16:16:2:19-Camera Wrong? <type 'exceptions.Exception'>:Failed to enable connection: Out of resources
2019:8:16:16:2:24-Camera Wrong? <type 'exceptions.Exception'>:Failed to enable connection: Out of resources
2019:8:16:16:2:29-Camera Wrong? <type 'exceptions.Exception'>:Failed to enable connection: Out of resources
...
2019:8:16:16:5:52-Camera Wrong? <type 'exceptions.Exception'>:Failed to enable connection: Out of resources
2019:8:16:16:5:57-Camera Wrong? <type 'exceptions.Exception'>:Failed to enable connection: Out of resources
2019:8:16:16:6:2-Camera Wrong? <type 'exceptions.Exception'>:Failed to enable connection: Out of resources
2019:8:16:16:6:7-Camera Wrong? <type 'exceptions.Exception'>:Failed to enable connection: Out of resources
2019:8:16:16:6:12-Camera Wrong? <type 'exceptions.Exception'>:Failed to enable connection: Out of resources
2019:8:16:16:6:17-Camera Wrong? <type 'exceptions.Exception'>:Failed to enable connection: Out of resources
2019:8:16:16:6:22-Camera Wrong? <type 'exceptions.Exception'>:Failed to enable connection: Out of resources
2019:8:16:16:6:27-Camera Wrong? <type 'exceptions.Exception'>:Failed to enable connection: Out of resources
2019:8:16:16:6:32-Camera Wrong? <type 'exceptions.Exception'>:Failed to create MMAL component vc.null_sink: Out of memory
2019:8:16:16:6:37-Camera Wrong? <type 'exceptions.Exception'>:Failed to create MMAL component vc.null_sink: Out of memory
2019:8:16:16:6:42-Camera Wrong? <type 'exceptions.Exception'>:Failed to create MMAL component vc.null_sink: Out of memory
2019:8:16:16:6:47-Camera Wrong? <type 'exceptions.Exception'>:Failed to create MMAL component vc.null_sink: Out of memory
2019:8:16:16:6:52-Camera Wrong? <type 'exceptions.Exception'>:Failed to create MMAL component vc.null_sink: Out of memory
...
2019:8:16:16:59:55-Camera Wrong? <type 'exceptions.Exception'>:Failed to create MMAL component vc.null_sink: Out of memory
2019:8:16:17:0:0-Camera Wrong? <type 'exceptions.Exception'>:Failed to create MMAL component vc.null_sink: Out of memory
2019:8:16:17:0:5-Camera Wrong? <type 'exceptions.Exception'>:Failed to create MMAL component vc.null_sink: Out of memory
2019:8:16:17:0:10-Camera Wrong? <type 'exceptions.Exception'>:Failed to create MMAL component vc.null_sink: Out of memory
2019:8:16:17:0:15-Camera Wrong? <type 'exceptions.Exception'>:Failed to create MMAL component vc.null_sink: Out of memory
2019:8:16:17:0:20-Camera Wrong? <type 'exceptions.Exception'>:Failed to create MMAL component vc.null_sink: Out of memory
2019:8:16:17:0:25-Camera Wrong? <type 'exceptions.Exception'>:Failed to create MMAL component vc.null_sink: Out of memory
2019:8:16:17:0:30-Camera Wrong? <type 'exceptions.Exception'>:Failed to create MMAL component vc.null_sink: Out of memory
2019:8:16:17:0:35-Camera Wrong? <type 'exceptions.Exception'>:Failed to create MMAL component vc.null_sink: Out of memory
2019:8:16:17:0:40-Camera Wrong? <type 'exceptions.Exception'>:Failed to create MMAL component vc.null_sink: Out of memory
2019:8:16:17:0:46-Camera Wrong? <type 'exceptions.Exception'>:Failed to create MMAL component vc.null_sink: Out of memory
2019:8:16:17:0:51-Camera Wrong? <type 'exceptions.Exception'>:Failed to create MMAL component vc.null_sink: Out of memory
2019:8:16:17:0:56-Camera Wrong? <type 'exceptions.Exception'>:Failed to create MMAL component vc.null_sink: Out of memory
2019:8:16:17:1:1-Camera Wrong? <type 'exceptions.Exception'>:Failed to create MMAL component vc.null_sink: Out of memory
2019:8:16:17:1:6-Camera Wrong? <type 'exceptions.Exception'>:Failed to create MMAL component vc.null_sink: Out of memory
2019:8:16:17:1:11-Camera Wrong? <type 'exceptions.Exception'>:Failed to create MMAL component vc.null_sink: Out of memory
2019:8:16:17:1:16-Camera Wrong? <type 'exceptions.Exception'>:Failed to create MMAL component vc.null_sink: Out of memory
...
2019:8:16:17:59:41-Camera Wrong? <type 'exceptions.Exception'>:Failed to create MMAL component vc.null_sink: Out of memory
2019:8:16:17:59:46-Camera Wrong? <type 'exceptions.Exception'>:Failed to create MMAL component vc.null_sink: Out of memory
2019:8:16:17:59:51-Camera Wrong? <type 'exceptions.Exception'>:Failed to create MMAL component vc.null_sink: Out of memory
2019:8:16:17:59:56-Camera Wrong? <type 'exceptions.Exception'>:Failed to create MMAL component vc.null_sink: Out of memory
2019:8:16:18:0:1-Camera Wrong? <type 'exceptions.Exception'>:Failed to create MMAL component vc.null_sink: Out of memory
2019:8:16:18:0:6-Camera Wrong? <type 'exceptions.Exception'>:Failed to create MMAL component vc.null_sink: Out of memory
2019:8:16:18:0:11-Camera Wrong? <type 'exceptions.Exception'>:Failed to create MMAL component vc.null_sink: Out of memory
2019:8:16:18:0:16-Camera Wrong? <type 'exceptions.Exception'>:Failed to create MMAL component vc.null_sink: Out of memory
2019:8:16:18:0:21-Camera Wrong? <type 'exceptions.Exception'>:Failed to create MMAL component vc.null_sink: Out of memory
2019:8:16:18:0:26-Camera Wrong? <type 'exceptions.Exception'>:Failed to create MMAL component vc.null_sink: Out of memory
2019:8:16:18:0:31-Camera Wrong? <type 'exceptions.Exception'>:Failed to create MMAL component vc.null_sink: Out of memory
2019:8:16:18:0:36-Camera Wrong? <type 'exceptions.Exception'>:Failed to create MMAL component vc.null_sink: Out of memory
...
2019:8:16:18:58:36-Camera Wrong? <type 'exceptions.Exception'>:Failed to create MMAL component vc.null_sink: Out of memory
2019:8:16:18:58:41-Camera Wrong? <type 'exceptions.Exception'>:Failed to create MMAL component vc.null_sink: Out of memory
2019:8:16:18:58:46-Camera Wrong? <type 'exceptions.Exception'>:Failed to create MMAL component vc.null_sink: Out of memory
2019:8:16:18:58:51-Camera Wrong? <type 'exceptions.Exception'>:Failed to create MMAL component vc.null_sink: Out of memory
2019:8:16:18:58:56-Camera Wrong? <type 'exceptions.Exception'>:Failed to create MMAL component vc.null_sink: Out of memory
2019:8:16:18:59:1-Camera Wrong? <type 'exceptions.Exception'>:Failed to create MMAL component vc.null_sink: Out of memory
2019:8:16:18:59:6-Camera Wrong? <type 'exceptions.Exception'>:Failed to create MMAL component vc.null_sink: Out of memory
2019:8:16:18:59:11-Camera Wrong? <type 'exceptions.Exception'>:Failed to create MMAL component vc.null_sink: Out of memory
2019:8:16:18:59:16-Camera Wrong? <type 'exceptions.Exception'>:Failed to create MMAL component vc.null_sink: Out of memory
2019:8:16:18:59:21-Camera Wrong? <type 'exceptions.Exception'>:Failed to create MMAL component vc.null_sink: Out of memory
2019:8:16:18:59:26-Camera Wrong? <type 'exceptions.Exception'>:Failed to create MMAL component vc.null_sink: Out of memory
2019:8:16:18:59:31-Camera Wrong? <type 'exceptions.Exception'>:Failed to create MMAL component vc.null_sink: Out of memory
2019:8:16:18:59:36-Camera Wrong? <type 'exceptions.Exception'>:Failed to create MMAL component vc.null_sink: Out of memory
2019:8:16:18:59:41-Camera Wrong? <type 'exceptions.Exception'>:Failed to create MMAL component vc.null_sink: Out of memory
2019:8:16:18:59:46-Camera Wrong? <type 'exceptions.Exception'>:Failed to create MMAL component vc.null_sink: Out of memory
2019:8:16:18:59:51-Camera Wrong? <type 'exceptions.Exception'>:Failed to create MMAL component vc.null_sink: Out of memory
2019:8:16:18:59:57-Camera Wrong? <type 'exceptions.Exception'>:Failed to create MMAL component vc.null_sink: Out of memory
2019:8:16:19:0:2-Camera Wrong? <type 'exceptions.Exception'>:Failed to create MMAL component vc.null_sink: Out of memory
2019:8:16:19:0:7-Camera Wrong? <type 'exceptions.Exception'>:Failed to create MMAL component vc.null_sink: Out of memory
2019:8:16:19:0:12-Camera Wrong? <type 'exceptions.Exception'>:Failed to create MMAL component vc.null_sink: Out of memory
2019:8:16:19:0:17-Camera Wrong? <type 'exceptions.Exception'>:Failed to create MMAL component vc.null_sink: Out of memory
2019:8:16:19:0:22-Camera Wrong? <type 'exceptions.Exception'>:Failed to create MMAL component vc.null_sink: Out of memory
2019:8:16:19:0:27-Camera Wrong? <type 'exceptions.Exception'>:Failed to create MMAL component vc.null_sink: Out of memory
2019:8:16:19:0:32-Camera Wrong? <type 'exceptions.Exception'>:Failed to create MMAL component vc.null_sink: Out of memory
...
2019:8:16:19:58:22-Camera Wrong? <type 'exceptions.Exception'>:Failed to create MMAL component vc.null_sink: Out of memory
2019:8:16:19:58:27-Camera Wrong? <type 'exceptions.Exception'>:Failed to create MMAL component vc.null_sink: Out of memory
2019:8:16:19:58:32-Camera Wrong? <type 'exceptions.Exception'>:Failed to create MMAL component vc.null_sink: Out of memory
2019:8:16:19:58:37-Camera Wrong? <type 'exceptions.Exception'>:Failed to create MMAL component vc.null_sink: Out of memory
2019:8:16:19:58:42-Camera Wrong? <type 'exceptions.Exception'>:Failed to create MMAL component vc.null_sink: Out of memory
2019:8:16:19:58:47-Camera Wrong? <type 'exceptions.Exception'>:Failed to create MMAL component vc.null_sink: Out of memory
2019:8:16:19:58:52-Camera Wrong? <type 'exceptions.Exception'>:Failed to create MMAL component vc.null_sink: Out of memory
2019:8:16:19:58:57-Camera Wrong? <type 'exceptions.Exception'>:Failed to create MMAL component vc.null_sink: Out of memory
2019:8:16:19:59:2-Camera Wrong? <type 'exceptions.Exception'>:Failed to create MMAL component vc.null_sink: Out of memory
2019:8:16:19:59:7-Camera Wrong? <type 'exceptions.Exception'>:Failed to create MMAL component vc.null_sink: Out of memory
2019:8:16:19:59:12-Camera Wrong? <type 'exceptions.Exception'>:Failed to create MMAL component vc.null_sink: Out of memory
2019:8:16:19:59:17-Camera Wrong? <type 'exceptions.Exception'>:Failed to create MMAL component vc.null_sink: Out of memory
2019:8:16:19:59:22-Camera Wrong? <type 'exceptions.Exception'>:Failed to create MMAL component vc.null_sink: Out of memory
2019:8:16:19:59:27-Camera Wrong? <type 'exceptions.Exception'>:Failed to create MMAL component vc.null_sink: Out of memory
2019:8:16:19:59:32-Camera Wrong? <type 'exceptions.Exception'>:Failed to create MMAL component vc.null_sink: Out of memory
2019:8:16:19:59:37-Camera Wrong? <type 'exceptions.Exception'>:Failed to create MMAL component vc.null_sink: Out of memory
2019:8:16:19:59:42-Camera Wrong? <type 'exceptions.Exception'>:Failed to create MMAL component vc.null_sink: Out of memory
2019:8:16:19:59:48-Camera Wrong? <type 'exceptions.Exception'>:Failed to create MMAL component vc.null_sink: Out of memory
2019:8:16:19:59:53-Camera Wrong? <type 'exceptions.Exception'>:Failed to create MMAL component vc.null_sink: Out of memory
2019:8:16:19:59:58-Camera Wrong? <type 'exceptions.Exception'>:Failed to create MMAL component vc.null_sink: Out of memory
2019:8:16:20:0:3-Camera Wrong? <type 'exceptions.Exception'>:Failed to create MMAL component vc.null_sink: Out of memory
2019:8:16:20:0:8-Camera Wrong? <type 'exceptions.Exception'>:Failed to create MMAL component vc.null_sink: Out of memory
2019:8:16:20:0:13-Camera Wrong? <type 'exceptions.Exception'>:Failed to create MMAL component vc.null_sink: Out of memory
2019:8:16:20:0:18-Camera Wrong? <type 'exceptions.Exception'>:Failed to create MMAL component vc.null_sink: Out of memory
2019:8:16:20:0:23-Camera Wrong? <type 'exceptions.Exception'>:Failed to create MMAL component vc.null_sink: Out of memory
2019:8:16:20:0:28-Camera Wrong? <type 'exceptions.Exception'>:Failed to create MMAL component vc.null_sink: Out of memory
2019:8:16:20:0:33-Camera Wrong? <type 'exceptions.Exception'>:Failed to create MMAL component vc.null_sink: Out of memory
2019:8:16:20:0:38-Camera Wrong? <type 'exceptions.Exception'>:Failed to create MMAL component vc.null_sink: Out of memory
2019:8:16:20:0:43-Camera Wrong? <type 'exceptions.Exception'>:Failed to create MMAL component vc.null_sink: Out of memory
2019:8:16:20:0:48-Camera Wrong? <type 'exceptions.Exception'>:Failed to create MMAL component vc.null_sink: Out of memory
2019:8:16:20:0:53-Camera Wrong? <type 'exceptions.Exception'>:Failed to create MMAL component vc.null_sink: Out of memory
2019:8:16:20:0:58-Camera Wrong? <type 'exceptions.Exception'>:Failed to create MMAL component vc.null_sink: Out of memory
2019:8:16:20:1:3-Camera Wrong? <type 'exceptions.Exception'>:Failed to create MMAL component vc.null_sink: Out of memory
2019:8:16:20:1:8-Camera Wrong? <type 'exceptions.Exception'>:Failed to create MMAL component vc.null_sink: Out of memory
2019:8:16:20:1:13-Camera Wrong? <type 'exceptions.Exception'>:Failed to create MMAL component vc.null_sink: Out of memory
2019:8:16:20:1:18-Camera Wrong? <type 'exceptions.Exception'>:Failed to create MMAL component vc.null_sink: Out of memory
2019:8:16:20:1:23-Camera Wrong? <type 'exceptions.Exception'>:Failed to create MMAL component vc.null_sink: Out of memory
2019:8:16:20:1:29-Camera Wrong? <type 'exceptions.Exception'>:Failed to create MMAL component vc.null_sink: Out of memory
2019:8:16:20:1:34-Camera Wrong? <type 'exceptions.Exception'>:Failed to create MMAL component vc.null_sink: Out of memory
2019:8:16:20:1:39-Camera Wrong? <type 'exceptions.Exception'>:Failed to create MMAL component vc.null_sink: Out of memory
2019:8:16:20:1:44-Camera Wrong? <type 'exceptions.Exception'>:Failed to create MMAL component vc.null_sink: Out of memory
2019:8:16:20:1:49-Camera Wrong? <type 'exceptions.Exception'>:Failed to create MMAL component vc.null_sink: Out of memory
2019:8:16:20:1:54-Camera Wrong? <type 'exceptions.Exception'>:Failed to create MMAL component vc.null_sink: Out of memory
2019:8:16:20:1:59-Camera Wrong? <type 'exceptions.Exception'>:Failed to create MMAL component vc.null_sink: Out of memory
2019:8:16:20:2:4-Camera Wrong? <type 'exceptions.Exception'>:Failed to create MMAL component vc.null_sink: Out of memory
2019:8:16:20:2:9-Camera Wrong? <type 'exceptions.Exception'>:Failed to create MMAL component vc.null_sink: Out of memory
2019:8:16:20:2:14-Camera Wrong? <type 'exceptions.Exception'>:Failed to create MMAL component vc.null_sink: Out of memory
2019:8:16:20:2:19-Camera Wrong? <type 'exceptions.Exception'>:Failed to create MMAL component vc.null_sink: Out of memory
2019:8:16:20:2:24-Camera Wrong? <type 'exceptions.Exception'>:Failed to create MMAL component vc.null_sink: Out of memory
2019:8:16:20:2:29-Camera Wrong? <type 'exceptions.Exception'>:Failed to create MMAL component vc.null_sink: Out of memory
2019:8:16:20:2:34-Camera Wrong? <type 'exceptions.Exception'>:Failed to create MMAL component vc.null_sink: Out of memory
...
2019:8:16:23:59:33-Camera Wrong? <type 'exceptions.Exception'>:Failed to create MMAL component vc.null_sink: Out of memory
2019:8:16:23:59:38-Camera Wrong? <type 'exceptions.Exception'>:Failed to create MMAL component vc.null_sink: Out of memory
2019:8:16:23:59:43-Camera Wrong? <type 'exceptions.Exception'>:Failed to create MMAL component vc.null_sink: Out of memory
2019:8:16:23:59:48-Camera Wrong? <type 'exceptions.Exception'>:Failed to create MMAL component vc.null_sink: Out of memory
2019:8:16:23:59:54-Camera Wrong? <type 'exceptions.Exception'>:Failed to create MMAL component vc.null_sink: Out of memory
2019:8:16:23:59:59-Camera Wrong? <type 'exceptions.Exception'>:Failed to create MMAL component vc.null_sink: Out of memory
2019:8:17:0:0:4-Camera Wrong? <type 'exceptions.Exception'>:Failed to create MMAL component vc.null_sink: Out of memory
2019:8:17:0:0:9-Camera Wrong? <type 'exceptions.Exception'>:Failed to create MMAL component vc.null_sink: Out of memory
2019:8:17:0:0:14-Camera Wrong? <type 'exceptions.Exception'>:Failed to create MMAL component vc.null_sink: Out of memory
2019:8:17:0:0:19-Camera Wrong? <type 'exceptions.Exception'>:Failed to create MMAL component vc.null_sink: Out of memory
2019:8:17:0:0:24-Camera Wrong? <type 'exceptions.Exception'>:Failed to create MMAL component vc.null_sink: Out of memory
2019:8:17:0:0:29-Camera Wrong? <type 'exceptions.Exception'>:Failed to create MMAL component vc.null_sink: Out of memory
2019:8:17:0:0:34-Camera Wrong? <type 'exceptions.Exception'>:Failed to create MMAL component vc.null_sink: Out of memory
2019:8:17:0:0:39-Camera Wrong? <type 'exceptions.Exception'>:Failed to create MMAL component vc.null_sink: Out of memory
2019:8:17:0:0:44-Camera Wrong? <type 'exceptions.Exception'>:Failed to create MMAL component vc.null_sink: Out of memory
...
2019:8:17:1:58:36-Camera Wrong? <type 'exceptions.Exception'>:Failed to create MMAL component vc.null_sink: Out of memory
2019:8:17:1:58:41-Camera Wrong? <type 'exceptions.Exception'>:Failed to create MMAL component vc.null_sink: Out of memory
2019:8:17:1:58:46-Camera Wrong? <type 'exceptions.Exception'>:Failed to create MMAL component vc.null_sink: Out of memory
2019:8:17:1:58:51-Camera Wrong? <type 'exceptions.Exception'>:Failed to create MMAL component vc.null_sink: Out of memory
2019:8:17:1:58:56-Camera Wrong? <type 'exceptions.Exception'>:Failed to create MMAL component vc.null_sink: Out of memory
2019:8:17:1:59:1-Camera Wrong? <type 'exceptions.Exception'>:Failed to create MMAL component vc.null_sink: Out of memory
2019:8:17:1:59:6-Camera Wrong? <type 'exceptions.Exception'>:Failed to create MMAL component vc.null_sink: Out of memory
2019:8:17:1:59:11-Camera Wrong? <type 'exceptions.Exception'>:Failed to create MMAL component vc.null_sink: Out of memory
2019:8:17:1:59:16-Camera Wrong? <type 'exceptions.Exception'>:Failed to create MMAL component vc.null_sink: Out of memory
2019:8:17:1:59:21-Camera Wrong? <type 'exceptions.Exception'>:Failed to create MMAL component vc.null_sink: Out of memory
2019:8:17:1:59:26-Camera Wrong? <type 'exceptions.Exception'>:Failed to create MMAL component vc.null_sink: Out of memory
2019:8:17:1:59:31-Camera Wrong? <type 'exceptions.Exception'>:Failed to create MMAL component vc.null_sink: Out of memory
2019:8:17:1:59:36-Camera Wrong? <type 'exceptions.Exception'>:Failed to create MMAL component vc.null_sink: Out of memory
2019:8:17:1:59:41-Camera Wrong? <type 'exceptions.Exception'>:Failed to create MMAL component vc.null_sink: Out of memory
2019:8:17:1:59:46-Camera Wrong? <type 'exceptions.Exception'>:Failed to create MMAL component vc.null_sink: Out of memory
2019:8:17:1:59:52-Camera Wrong? <type 'exceptions.Exception'>:Failed to create MMAL component vc.null_sink: Out of memory
2019:8:17:1:59:57-Camera Wrong? <type 'exceptions.Exception'>:Failed to create MMAL component vc.null_sink: Out of memory
2019:8:17:2:0:2-Camera Wrong? <type 'exceptions.Exception'>:Failed to create MMAL component vc.null_sink: Out of memory
2019:8:17:2:0:7-Camera Wrong? <type 'exceptions.Exception'>:Failed to create MMAL component vc.null_sink: Out of memor
2019:8:18:9:45:9-Camera Wrong? <type 'exceptions.Exception'>:Failed to create MMAL component vc.null_sink: Out of memory
2019:8:18:9:45:14-Camera Wrong? <type 'exceptions.Exception'>:Failed to create MMAL component vc.null_sink: Out of memory
...
2019:8:18:15:13:47-Camera Wrong? <type 'exceptions.Exception'>:Failed to create MMAL component vc.null_sink: Out of memory
2019:8:18:15:13:52-Camera Wrong? <type 'exceptions.Exception'>:Failed to create MMAL component vc.null_sink: Out of memory
2019:8:18:15:13:57-Camera Wrong? <type 'exceptions.Exception'>:Failed to create MMAL component vc.null_sink: Out of memory
2019:8:18:15:17:20-Camera Wrong? <type 'exceptions.Exception'>:Failed to create MMAL component vc.null_sink: Out of memory
2019:8:18:15:17:25-Camera Wrong? <type 'exceptions.Exception'>:Failed to create MMAL component vc.null_sink: Out of memory
################################## System Start:2019:8:18:15:28:43 ###########################################

Slave No response for CMD:G 600 times,Repeat Send CMD...
################################## System Start:2019:8:18:15:38:42 ###########################################

Slave No response for CMD:G 600 times,Repeat Send CMD...
Start sampling images:2019-8-18-15-38-42
P1_20190818_20190818_1538_A1_V_NU.jpg
P1_20190818_20190818_1538_A2_V_NU.jpg
P1_20190818_20190818_1538_A3_V_NU.jpg
P1_20190818_20190818_1538_A4_V_NU.jpg
P1_20190818_20190818_1538_A5_V_NU.jpg
P1_20190818_20190818_1538_A6_V_NU.jpg
P1_20190818_20190818_1538_A7_V_NU.jpg
P1_20190818_20190818_1538_A8_V_NU.jpg
P1_20190818_20190818_1538_B8_V_NU.jpg
P1_20190818_20190818_1538_B7_V_NU.jpg
P1_20190818_20190818_1538_B6_V_NU.jpg
P1_20190818_20190818_1538_B5_V_NU.jpg
P1_20190818_20190818_1538_B4_V_NU.jpg
P1_20190818_20190818_1538_B3_V_NU.jpg
P1_20190818_20190818_1538_B2_V_NU.jpg
P1_20190818_20190818_1538_B1_V_NU.jpg
P1_20190818_20190818_1538_C1_V_NU.jpg
P1_20190818_20190818_1538_C2_V_NU.jpg
P1_20190818_20190818_1538_C3_V_NU.jpg
P1_20190818_20190818_1538_C4_V_NU.jpg
P1_20190818_20190818_1538_C5_V_NU.jpg
P1_20190818_20190818_1538_C6_V_NU.jpg
P1_20190818_20190818_1538_C7_V_NU.jpg
P1_20190818_20190818_1538_C8_V_NU.jpg
P1_20190818_20190818_1538_D8_V_NU.jpg
P1_20190818_20190818_1538_D7_V_NU.jpg
P1_20190818_20190818_1538_D6_V_NU.jpg
P1_20190818_20190818_1538_D5_V_NU.jpg
P1_20190818_20190818_1538_D4_V_NU.jpg
P1_20190818_20190818_1538_D3_V_NU.jpg
P1_20190818_20190818_1538_D2_V_NU.jpg
P1_20190818_20190818_1538_D1_V_NU.jpg
Sample Finished.(TimeCost:7.91221339703 mins)
Start sampling images:2019-8-18-15-51-43
P1_20190818_20190818_1551_A1_V_NU.jpg
P1_20190818_20190818_1551_A2_V_NU.jpg
P1_20190818_20190818_1551_A3_V_NU.jpg
P1_20190818_20190818_1551_A4_V_NU.jpg
P1_20190818_20190818_1551_A5_V_NU.jpg
P1_20190818_20190818_1551_A6_V_NU.jpg
P1_20190818_20190818_1551_A7_V_NU.jpg
P1_20190818_20190818_1551_A8_V_NU.jpg
P1_20190818_20190818_1551_B8_V_NU.jpg
P1_20190818_20190818_1551_B7_V_NU.jpg
P1_20190818_20190818_1551_B6_V_NU.jpg
P1_20190818_20190818_1551_B5_V_NU.jpg
P1_20190818_20190818_1551_B4_V_NU.jpg
P1_20190818_20190818_1551_B3_V_NU.jpg
P1_20190818_20190818_1551_B2_V_NU.jpg
P1_20190818_20190818_1551_B1_V_NU.jpg
P1_20190818_20190818_1551_C1_V_NU.jpg
P1_20190818_20190818_1551_C2_V_NU.jpg
P1_20190818_20190818_1551_C3_V_NU.jpg
P1_20190818_20190818_1551_C4_V_NU.jpg
################################## System Start:2019:8:18:20:18:9 ###########################################

Slave No response for CMD:H 600 times,Repeat Send CMD...
Start sampling images:2019-8-18-20-18-9
2019:8:18:20:23:33-Camera Wrong? <type 'exceptions.Exception'>:Camera is not enabled. Try running 'sudo raspi-config' and ensure that the camera has been enabled.
2019:8:18:20:23:38-Camera Wrong? <type 'exceptions.Exception'>:Camera is not enabled. Try running 'sudo raspi-config' and ensure that the camera has been enabled.
2019:8:18:20:23:43-Camera Wrong? <type 'exceptions.Exception'>:Camera is not enabled. Try running 'sudo raspi-config' and ensure that the camera has been enabled.
2019:8:18:20:23:48-Camera Wrong? <type 'exceptions.Exception'>:Camera is not enabled. Try running 'sudo raspi-config' and ensure that the camera has been enabled.
2019:8:18:20:23:53-Camera Wrong? <type 'exceptions.Exception'>:Camera is not enabled. Try running 'sudo raspi-config' and ensure that the camera has been enabled.
2019:8:18:20:23:58-Camera Wrong? <type 'exceptions.Exception'>:Camera is not enabled. Try running 'sudo raspi-config' and ensure that the camera has been enabled.
2019:8:18:20:24:3-Camera Wrong? <type 'exceptions.Exception'>:Camera is not enabled. Try running 'sudo raspi-config' and ensure that the camera has been enabled.
2019:8:18:20:24:8-Camera Wrong? <type 'exceptions.Exception'>:Camera is not enabled. Try running 'sudo raspi-config' and ensure that the camera has been enabled.
2019:8:18:20:24:13-Camera Wrong? <type 'exceptions.Exception'>:Camera is not enabled. Try running 'sudo raspi-config' and ensure that the camera has been enabled.
2019:8:18:20:24:18-Camera Wrong? <type 'exceptions.Exception'>:Camera is not enabled. Try running 'sudo raspi-config' and ensure that the camera has been enabled.
2019:8:18:20:24:23-Camera Wrong? <type 'exceptions.Exception'>:Camera is not enabled. Try running 'sudo raspi-config' and ensure that the camera has been enabled.
2019:8:18:20:24:28-Camera Wrong? <type 'exceptions.Exception'>:Camera is not enabled. Try running 'sudo raspi-config' and ensure that the camera has been enabled.
2019:8:18:20:24:34-Camera Wrong? <type 'exceptions.Exception'>:Camera is not enabled. Try running 'sudo raspi-config' and ensure that the camera has been enabled.
2019:8:18:20:24:39-Camera Wrong? <type 'exceptions.Exception'>:Camera is not enabled. Try running 'sudo raspi-config' and ensure that the camera has been enabled.
2019:8:18:20:24:44-Camera Wrong? <type 'exceptions.Exception'>:Camera is not enabled. Try running 'sudo raspi-config' and ensure that the camera has been enabled.
2019:8:18:20:24:49-Camera Wrong? <type 'exceptions.Exception'>:Camera is not enabled. Try running 'sudo raspi-config' and ensure that the camera has been enabled.
2019:8:18:20:24:54-Camera Wrong? <type 'exceptions.Exception'>:Camera is not enabled. Try running 'sudo raspi-config' and ensure that the camera has been enabled.
2019:8:18:20:24:59-Camera Wrong? <type 'exceptions.Exception'>:Camera is not enabled. Try running 'sudo raspi-config' and ensure that the camera has been enabled.
2019:8:18:20:25:4-Camera Wrong? <type 'exceptions.Exception'>:Camera is not enabled. Try running 'sudo raspi-config' and ensure that the camera has been enabled.
2019:8:18:20:25:9-Camera Wrong? <type 'exceptions.Exception'>:Camera is not enabled. Try running 'sudo raspi-config' and ensure that the camera has been enabled.
...
2019:8:18:20:31:11-Camera Wrong? <type 'exceptions.Exception'>:Camera is not enabled. Try running 'sudo raspi-config' and ensure that the camera has been enabled.
2019:8:18:20:31:16-Camera Wrong? <type 'exceptions.Exception'>:Camera is not enabled. Try running 'sudo raspi-config' and ensure that the camera has been enabled.
2019:8:18:20:31:21-Camera Wrong? <type 'exceptions.Exception'>:Camera is not enabled. Try running 'sudo raspi-config' and ensure that the camera has been enabled.
2019:8:18:20:31:26-Camera Wrong? <type 'exceptions.Exception'>:Camera is not enabled. Try running 'sudo raspi-config' and ensure that the camera has been enabled.
2019:8:18:20:31:31-Camera Wrong? <type 'exceptions.Exception'>:Camera is not enabled. Try running 'sudo raspi-config' and ensure that the camera has been enabled.
2019:8:18:20:31:36-Camera Wrong? <type 'exceptions.Exception'>:Camera is not enabled. Try running 'sudo raspi-config' and ensure that the camera has been enabled.
2019:8:18:20:31:41-Camera Wrong? <type 'exceptions.Exception'>:Camera is not enabled. Try running 'sudo raspi-config' and ensure that the camera has been enabled.
2019:8:18:20:31:46-Camera Wrong? <type 'exceptions.Exception'>:Camera is not enabled. Try running 'sudo raspi-config' and ensure that the camera has been enabled.
2019:8:18:20:31:51-Camera Wrong? <type 'exceptions.Exception'>:Camera is not enabled. Try running 'sudo raspi-config' and ensure that the camera has been enabled.
2019:8:18:20:31:56-Camera Wrong? <type 'exceptions.Exception'>:Camera is not enabled. Try running 'sudo raspi-config' and ensure that the camera has been enabled.
2019:8:18:20:32:1-Camera Wrong? <type 'exceptions.Exception'>:Camera is not enabled. Try running 'sudo raspi-config' and ensure that the camera has been enabled.
2019:8:18:20:32:6-Camera Wrong? <type 'exceptions.Exception'>:Camera is not enabled. Try running 'sudo raspi-config' and ensure that the camera has been enabled.
2019:8:18:20:32:11-Camera Wrong? <type 'exceptions.Exception'>:Camera is not enabled. Try running 'sudo raspi-config' and ensure that the camera has been enabled.
2019:8:18:20:32:16-Camera Wrong? <type 'exceptions.Exception'>:Camera is not enabled. Try running 'sudo raspi-config' and ensure that the camera has been enabled.
2019:8:18:20:32:21-Camera Wrong? <type 'exceptions.Exception'>:Camera is not enabled. Try running 'sudo raspi-config' and ensure that the camera has been enabled.
2019:8:18:20:32:26-Camera Wrong? <type 'exceptions.Exception'>:Camera is not enabled. Try running 'sudo raspi-config' and ensure that the camera has been enabled.
2019:8:18:20:32:31-Camera Wrong? <type 'exceptions.Exception'>:Camera is not enabled. Try running 'sudo raspi-config' and ensure that the camera has been enabled.
2019:8:18:20:32:36-Camera Wrong? <type 'exceptions.Exception'>:Camera is not enabled. Try running 'sudo raspi-config' and ensure that the camera has been enabled.
2019:8:18:20:32:41-Camera Wrong? <type 'exceptions.Exception'>:Camera is not enabled. Try running 'sudo raspi-config' and ensure that the camera has been enabled.
2019:8:18:20:32:46-Camera Wrong? <type 'exceptions.Exception'>:Camera is not enabled. Try running 'sudo raspi-config' and ensure that the camera has been enabled.
2019:8:18:20:32:51-Camera Wrong? <type 'exceptions.Exception'>:Camera is not enabled. Try running 'sudo raspi-config' and ensure that the camera has been enabled.
2019:8:18:20:32:56-Camera Wrong? <type 'exceptions.Exception'>:Camera is not enabled. Try running 'sudo raspi-config' and ensure that the camera has been enabled.
################################## System Start:2019:8:18:21:8:37 ###########################################

Slave No response for CMD:H 600 times,Repeat Send CMD...
Start sampling images:2019-8-18-21-8-37
2019:8:18:21:13:57-Camera Wrong? <type 'exceptions.Exception'>:'module' object has no attribute 'setCaptureProperty'
2019:8:18:21:14:2-Camera Wrong? <type 'exceptions.Exception'>:'module' object has no attribute 'setCaptureProperty'
2019:8:18:21:14:7-Camera Wrong? <type 'exceptions.Exception'>:'module' object has no attribute 'setCaptureProperty'
...
2019:8:18:21:15:13-Camera Wrong? <type 'exceptions.Exception'>:'module' object has no attribute 'setCaptureProperty'
2019:8:18:21:15:18-Camera Wrong? <type 'exceptions.Exception'>:'module' object has no attribute 'setCaptureProperty'
2019:8:18:21:15:23-Camera Wrong? <type 'exceptions.Exception'>:'module' object has no attribute 'setCaptureProperty'
...
2019:8:18:21:15:54-Camera Wrong? <type 'exceptions.Exception'>:'module' object has no attribute 'setCaptureProperty'
2019:8:18:21:15:59-Camera Wrong? <type 'exceptions.Exception'>:'module' object has no attribute 'setCaptureProperty'
################################## System Start:2019:8:18:21:34:2 ###########################################

Slave No response for CMD:H 600 times,Repeat Send CMD...
Start sampling images:2019-8-18-21-34-2
2019:8:18:21:39:23-Camera Wrong? <type 'exceptions.Exception'>:name 'cam' is not defined
2019:8:18:21:39:33-Camera Wrong? <type 'exceptions.Exception'>:name 'cam' is not defined
2019:8:18:21:39:43-Camera Wrong? <type 'exceptions.Exception'>:name 'cam' is not defined
2019:8:18:21:39:53-Camera Wrong? <type 'exceptions.Exception'>:name 'cam' is not defined
2019:8:18:21:40:4-Camera Wrong? <type 'exceptions.Exception'>:name 'cam' is not defined
...
2019:8:18:21:42:19-Camera Wrong? <type 'exceptions.Exception'>:name 'cam' is not defined
2019:8:18:21:42:30-Camera Wrong? <type 'exceptions.Exception'>:name 'cam' is not defined
2019:8:18:21:42:40-Camera Wrong? <type 'exceptions.Exception'>:name 'cam' is not defined
2019:8:18:21:42:50-Camera Wrong? <type 'exceptions.Exception'>:name 'cam' is not defined
2019:8:18:21:43:1-Camera Wrong? <type 'exceptions.Exception'>:name 'cam' is not defined
2019:8:18:21:43:11-Camera Wrong? <type 'exceptions.Exception'>:name 'cam' is not defined
2019:8:18:21:43:21-Camera Wrong? <type 'exceptions.Exception'>:name 'cam' is not defined
################################## System Start:2019:8:18:22:3:45 ###########################################
Start sampling images:2019-8-18-22-3-45
################################## System Start:2019:8:18:22:5:18 ###########################################
Start sampling images:2019-8-18-22-5-18
P1_20190818_20190818_2205_A1_V_NU.jpg
P1_20190818_20190818_2205_A2_V_NU.jpg
P1_20190818_20190818_2205_A3_V_NU.jpg
P1_20190818_20190818_2205_A4_V_NU.jpg
P1_20190818_20190818_2205_A5_V_NU.jpg
P1_20190818_20190818_2205_A6_V_NU.jpg
P1_20190818_20190818_2205_A7_V_NU.jpg
P1_20190818_20190818_2205_A8_V_NU.jpg
P1_20190818_20190818_2205_B8_V_NU.jpg
P1_20190818_20190818_2205_B7_V_NU.jpg
P1_20190818_20190818_2205_B6_V_NU.jpg
P1_20190818_20190818_2205_B5_V_NU.jpg
P1_20190818_20190818_2205_B4_V_NU.jpg
P1_20190818_20190818_2205_B3_V_NU.jpg
P1_20190818_20190818_2205_B2_V_NU.jpg
P1_20190818_20190818_2205_B1_V_NU.jpg
P1_20190818_20190818_2205_C1_V_NU.jpg
P1_20190818_20190818_2205_C2_V_NU.jpg
P1_20190818_20190818_2205_C3_V_NU.jpg
P1_20190818_20190818_2205_C4_V_NU.jpg
P1_20190818_20190818_2205_C5_V_NU.jpg
P1_20190818_20190818_2205_C6_V_NU.jpg
